<?xml version="1.0" encoding="UTF-8"?>
<testsuite xmlns:xsi="http://www.w3.org/2001/XMLSchema-instance" xsi:noNamespaceSchemaLocation="https://maven.apache.org/surefire/maven-surefire-plugin/xsd/surefire-test-report.xsd" version="3.0.2" name="com.auction.share.models.auction.AuctionTest" time="0.139" tests="3" errors="0" skipped="0" failures="0">
  <properties>
[...]
</properties>
  <testcase name="isRunning_whenTimeExpired_returnsFalse" classname="com.auction.share.models.auction.AuctionTest" time="0.092"/>
  <testcase name="isRunning_whenStatusRunningAndWithinTime_returnsTrue" classname="com.auction.share.models.auction.AuctionTest" time="0.003"/>
  <testcase name="isRunning_whenStatusNotRunning_returnsFalse" classname="com.auction.share.models.auction.AuctionTest" time="0.005"/>
</testsuite>