<?xml version="1.0" encoding="UTF-8"?>
<testsuite xmlns:xsi="http://www.w3.org/2001/XMLSchema-instance" xsi:noNamespaceSchemaLocation="https://maven.apache.org/surefire/maven-surefire-plugin/xsd/surefire-test-report.xsd" version="3.0.2" name="com.auction.server.service.AutoBidServiceTest" time="0.118" tests="5" errors="0" skipped="0" failures="0">
  <properties>
[...]
</properties>
  <testcase name="processAutoBid_oneBidder_winsAtNextMinimumBid" classname="com.auction.server.service.AutoBidServiceTest" time="0.076"/>
  <testcase name="processAutoBid_oneBidderAlreadyLeading_noOp" classname="com.auction.server.service.AutoBidServiceTest" time="0.007"/>
  <testcase name="processAutoBid_concurrentBid_retriesAndSucceeds" classname="com.auction.server.service.AutoBidServiceTest" time="0.01"/>
  <testcase name="processAutoBid_twoBidders_highestWinsAtProxyPrice" classname="com.auction.server.service.AutoBidServiceTest" time="0.008"/>
  <testcase name="cancel_removesFromRegistry" classname="com.auction.server.service.AutoBidServiceTest" time="0.007"/>
</testsuite>